<?xml version="1.0" encoding="UTF-8"?>
<!-- Generated by org.testng.reporters.JUnitReportReporter -->
<testsuite hostname="waqass-Air.home" name="browser.inputMed" tests="1" failures="0" timestamp="4 Jul 2015 23:13:14 GMT" time="5.952" errors="0">
  <testcase name="OpeningBrowser" time="5.952" classname="browser.inputMed"/>
</testsuite> <!-- browser.inputMed -->
