<?xml version="1.0" encoding="UTF-8"?>
<!-- Generated by org.testng.reporters.JUnitReportReporter -->
<testsuite hostname="ec2-52-0-103-219.compute-1.amazonaws.com" name="browser.testFDA" tests="1" failures="0" timestamp="4 Jul 2015 18:26:35 GMT" time="5.901" errors="0">
  <testcase name="OpeningBrowser" time="5.901" classname="browser.testFDA"/>
</testsuite> <!-- browser.testFDA -->
