<?xml version="1.0" encoding="UTF-8"?>
<!-- Generated by org.testng.reporters.JUnitReportReporter -->
<testsuite hostname="waqass-Air.home" name="browser.medicineInput" tests="2" failures="0" timestamp="5 Jul 2015 17:45:33 GMT" time="0.293" errors="0">
  <testcase name="bmedicineTwo" time="0.115" classname="browser.medicineInput"/>
  <testcase name="amedicineOne" time="0.178" classname="browser.medicineInput"/>
</testsuite> <!-- browser.medicineInput -->
