<?xml version="1.0" encoding="UTF-8"?>
<!-- Generated by org.testng.reporters.JUnitReportReporter -->
<testsuite hostname="ec2-52-0-103-219.compute-1.amazonaws.com" name="browser.medicineOne" tests="2" failures="0" timestamp="6 Jul 2015 15:12:56 GMT" time="64.417" errors="0">
  <testcase name="bmedicineTwo" time="32.428" classname="browser.medicineOne"/>
  <testcase name="amedicineOne" time="31.989" classname="browser.medicineOne"/>
</testsuite> <!-- browser.medicineOne -->
