<?xml version="1.0" encoding="UTF-8"?>
<!-- Generated by org.testng.reporters.JUnitReportReporter -->
<testsuite hostname="ec2-52-0-103-219.compute-1.amazonaws.com" name="fdaProject.testFDA" tests="1" failures="0" timestamp="4 Jul 2015 17:52:38 GMT" time="0.015" errors="0">
  <testcase name="OpeningBrowser" time="0.015" classname="fdaProject.testFDA"/>
</testsuite> <!-- fdaProject.testFDA -->
